<html>
<head>
<title>TestNG:  bigBoyTestReport</title>
<link href="../testng.css" rel="stylesheet" type="text/css" />
<link href="../my-testng.css" rel="stylesheet" type="text/css" />

<style type="text/css">
.log { display: none;} 
.stack-trace { display: none;} 
</style>
<script type="text/javascript">
<!--
function flip(e) {
  current = e.style.display;
  if (current == 'block') {
    e.style.display = 'none';
    return 0;
  }
  else {
    e.style.display = 'block';
    return 1;
  }
}

function toggleBox(szDivId, elem, msg1, msg2)
{
  var res = -1;  if (document.getElementById) {
    res = flip(document.getElementById(szDivId));
  }
  else if (document.all) {
    // this is the way old msie versions work
    res = flip(document.all[szDivId]);
  }
  if(elem) {
    if(res == 0) elem.innerHTML = msg1; else elem.innerHTML = msg2;
  }

}

function toggleAllBoxes() {
  if (document.getElementsByTagName) {
    d = document.getElementsByTagName('div');
    for (i = 0; i < d.length; i++) {
      if (d[i].className == 'log') {
        flip(d[i]);
      }
    }
  }
}

// -->
</script>

</head>
<body>
<h2 align='center'>bigBoyTestReport</h2><table border='1' align="center">
<tr>
<td>Tests passed/Failed/Skipped:</td><td>83/10/0</td>
</tr><tr>
<td>Started on:</td><td>Thu Sep 02 16:13:11 CST 2021</td>
</tr>
<tr><td>Total time:</td><td>47 seconds (47752 ms)</td>
</tr><tr>
<td>Included groups:</td><td></td>
</tr><tr>
<td>Excluded groups:</td><td></td>
</tr>
</table><p/>
<small><i>(Hover the method name to see the test class name)</i></small><p/>
<table width='100%' border='1' class='invocation-failed'>
<tr><td colspan='4' align='center'><b>FAILED TESTS</b></td></tr>
<tr><td><b>Test method</b></td>
<td width="30%"><b>Exception</b></td>
<td width="10%"><b>Time (seconds)</b></td>
<td><b>Instance</b></td>
</tr>
<tr>
<td title='bigBoy.app.order.receiveAddressTest.addAddressTest()'><b>addAddressTest</b><br>Test class: bigBoy.app.order.receiveAddressTest<br>Test method: 添加收货地址</td>
<td><div><pre>java.lang.AssertionError: expected [SUCCESS] but found [DISABLED_LOGIN]
	at org.testng.Assert.fail(Assert.java:94)
	at org.testng.Assert.failNotEquals(Assert.java:513)
	at org.testng.Assert.assertEqualsImpl(Assert.java:135)
	at org.testng.Assert.assertEquals(Assert.java:116)
	at org.testng.Assert.assertEquals(Assert.java:190)
	at org.testng.Assert.assertEquals(Assert.java:200)
	at bigBoy.app.order.receiveAddressTest.addAddressTest(receiveAddressTest.java:62)
	at sun.reflect.NativeMethodAccessorImpl.invoke0(Native Method)
	at sun.reflect.NativeMethodAccessorImpl.invoke(NativeMethodAccessorImpl.java:62)
	at sun.reflect.DelegatingMethodAccessorImpl.invoke(DelegatingMethodAccessorImpl.java:43)
	at java.lang.reflect.Method.invoke(Method.java:498)
	at org.testng.internal.MethodInvocationHelper.invokeMethod(MethodInvocationHelper.java:86)
	at org.testng.internal.Invoker.invokeMethod(Invoker.java:643)
	at org.testng.internal.Invoker.invokeTestMethod(Invoker.java:820)
	at org.testng.internal.Invoker.invokeTestMethods(Invoker.java:1128)
	at org.testng.internal.TestMethodWorker.invokeTestMethods(TestMethodWorker.java:129)
	at org.testng.internal.TestMethodWorker.run(TestMethodWorker.java:112)
	at org.testng.TestRunner.privateRun(TestRunner.java:782)
	at org.testng.TestRunner.run(TestRunner.java:632)
	at org.testng.SuiteRunner.runTest(SuiteRunner.java:366)
	at org.testng.SuiteRunner.runSequentially(SuiteRunner.java:361)
	at org.testng.SuiteRunner.privateRun(SuiteRunner.java:319)
	at org.testng.SuiteRunner.run(SuiteRunner.java:268)
	at org.testng.SuiteRunnerWorker.runSuite(SuiteRunnerWorker.java:52)
	at org.testng.SuiteRunnerWorker.run(SuiteRunnerWorker.java:86)
	at org.testng.TestNG.runSuitesSequentially(TestNG.java:1244)
	at org.testng.TestNG.runSuitesLocally(TestNG.java:1169)
	at org.testng.TestNG.run(TestNG.java:1064)
	at com.intellij.rt.testng.IDEARemoteTestNG.run(IDEARemoteTestNG.java:66)
	at com.intellij.rt.testng.RemoteTestNGStarter.main(RemoteTestNGStarter.java:109)
</pre></div><a href='#' onClick='toggleBox("stack-trace1519611492", this, "Click to show all stack frames", "Click to hide stack frames")'>Click to show all stack frames</a>
<div class='stack-trace' id='stack-trace1519611492'><pre>java.lang.AssertionError: expected [SUCCESS] but found [DISABLED_LOGIN]
	at org.testng.Assert.fail(Assert.java:94)
	at org.testng.Assert.failNotEquals(Assert.java:513)
	at org.testng.Assert.assertEqualsImpl(Assert.java:135)
	at org.testng.Assert.assertEquals(Assert.java:116)
	at org.testng.Assert.assertEquals(Assert.java:190)
	at org.testng.Assert.assertEquals(Assert.java:200)
	at bigBoy.app.order.receiveAddressTest.addAddressTest(receiveAddressTest.java:62)
	at sun.reflect.NativeMethodAccessorImpl.invoke0(Native Method)
	at sun.reflect.NativeMethodAccessorImpl.invoke(NativeMethodAccessorImpl.java:62)
	at sun.reflect.DelegatingMethodAccessorImpl.invoke(DelegatingMethodAccessorImpl.java:43)
	at java.lang.reflect.Method.invoke(Method.java:498)
	at org.testng.internal.MethodInvocationHelper.invokeMethod(MethodInvocationHelper.java:86)
	at org.testng.internal.Invoker.invokeMethod(Invoker.java:643)
	at org.testng.internal.Invoker.invokeTestMethod(Invoker.java:820)
	at org.testng.internal.Invoker.invokeTestMethods(Invoker.java:1128)
	at org.testng.internal.TestMethodWorker.invokeTestMethods(TestMethodWorker.java:129)
	at org.testng.internal.TestMethodWorker.run(TestMethodWorker.java:112)
	at org.testng.TestRunner.privateRun(TestRunner.java:782)
	at org.testng.TestRunner.run(TestRunner.java:632)
	at org.testng.SuiteRunner.runTest(SuiteRunner.java:366)
	at org.testng.SuiteRunner.runSequentially(SuiteRunner.java:361)
	at org.testng.SuiteRunner.privateRun(SuiteRunner.java:319)
	at org.testng.SuiteRunner.run(SuiteRunner.java:268)
	at org.testng.SuiteRunnerWorker.runSuite(SuiteRunnerWorker.java:52)
	at org.testng.SuiteRunnerWorker.run(SuiteRunnerWorker.java:86)
	at org.testng.TestNG.runSuitesSequentially(TestNG.java:1244)
	at org.testng.TestNG.runSuitesLocally(TestNG.java:1169)
	at org.testng.TestNG.run(TestNG.java:1064)
	at com.intellij.rt.testng.IDEARemoteTestNG.run(IDEARemoteTestNG.java:66)
	at com.intellij.rt.testng.RemoteTestNGStarter.main(RemoteTestNGStarter.java:109)
</pre></div></td>
<td>0</td>
<td>bigBoy.app.order.receiveAddressTest@4524411f</td></tr>
<tr>
<td title='bigBoy.app.bbs.bbsTest.addBigBoyReplyInfoTest()'><b>addBigBoyReplyInfoTest</b><br>Test class: bigBoy.app.bbs.bbsTest<br>Test method: 发布回贴</td>
<td><div><pre>java.lang.NullPointerException
	at bigBoy.app.bbs.bbsTest.addBigBoyReplyInfoTest(bbsTest.java:148)
	at sun.reflect.NativeMethodAccessorImpl.invoke0(Native Method)
	at sun.reflect.NativeMethodAccessorImpl.invoke(NativeMethodAccessorImpl.java:62)
	at sun.reflect.DelegatingMethodAccessorImpl.invoke(DelegatingMethodAccessorImpl.java:43)
	at java.lang.reflect.Method.invoke(Method.java:498)
	at org.testng.internal.MethodInvocationHelper.invokeMethod(MethodInvocationHelper.java:86)
	at org.testng.internal.Invoker.invokeMethod(Invoker.java:643)
	at org.testng.internal.Invoker.invokeTestMethod(Invoker.java:820)
	at org.testng.internal.Invoker.invokeTestMethods(Invoker.java:1128)
	at org.testng.internal.TestMethodWorker.invokeTestMethods(TestMethodWorker.java:129)
	at org.testng.internal.TestMethodWorker.run(TestMethodWorker.java:112)
	at org.testng.TestRunner.privateRun(TestRunner.java:782)
	at org.testng.TestRunner.run(TestRunner.java:632)
	at org.testng.SuiteRunner.runTest(SuiteRunner.java:366)
	at org.testng.SuiteRunner.runSequentially(SuiteRunner.java:361)
	at org.testng.SuiteRunner.privateRun(SuiteRunner.java:319)
	at org.testng.SuiteRunner.run(SuiteRunner.java:268)
	at org.testng.SuiteRunnerWorker.runSuite(SuiteRunnerWorker.java:52)
	at org.testng.SuiteRunnerWorker.run(SuiteRunnerWorker.java:86)
	at org.testng.TestNG.runSuitesSequentially(TestNG.java:1244)
	at org.testng.TestNG.runSuitesLocally(TestNG.java:1169)
	at org.testng.TestNG.run(TestNG.java:1064)
	at com.intellij.rt.testng.IDEARemoteTestNG.run(IDEARemoteTestNG.java:66)
	at com.intellij.rt.testng.RemoteTestNGStarter.main(RemoteTestNGStarter.java:109)
</pre></div><a href='#' onClick='toggleBox("stack-trace778806426", this, "Click to show all stack frames", "Click to hide stack frames")'>Click to show all stack frames</a>
<div class='stack-trace' id='stack-trace778806426'><pre>java.lang.NullPointerException
	at bigBoy.app.bbs.bbsTest.addBigBoyReplyInfoTest(bbsTest.java:148)
	at sun.reflect.NativeMethodAccessorImpl.invoke0(Native Method)
	at sun.reflect.NativeMethodAccessorImpl.invoke(NativeMethodAccessorImpl.java:62)
	at sun.reflect.DelegatingMethodAccessorImpl.invoke(DelegatingMethodAccessorImpl.java:43)
	at java.lang.reflect.Method.invoke(Method.java:498)
	at org.testng.internal.MethodInvocationHelper.invokeMethod(MethodInvocationHelper.java:86)
	at org.testng.internal.Invoker.invokeMethod(Invoker.java:643)
	at org.testng.internal.Invoker.invokeTestMethod(Invoker.java:820)
	at org.testng.internal.Invoker.invokeTestMethods(Invoker.java:1128)
	at org.testng.internal.TestMethodWorker.invokeTestMethods(TestMethodWorker.java:129)
	at org.testng.internal.TestMethodWorker.run(TestMethodWorker.java:112)
	at org.testng.TestRunner.privateRun(TestRunner.java:782)
	at org.testng.TestRunner.run(TestRunner.java:632)
	at org.testng.SuiteRunner.runTest(SuiteRunner.java:366)
	at org.testng.SuiteRunner.runSequentially(SuiteRunner.java:361)
	at org.testng.SuiteRunner.privateRun(SuiteRunner.java:319)
	at org.testng.SuiteRunner.run(SuiteRunner.java:268)
	at org.testng.SuiteRunnerWorker.runSuite(SuiteRunnerWorker.java:52)
	at org.testng.SuiteRunnerWorker.run(SuiteRunnerWorker.java:86)
	at org.testng.TestNG.runSuitesSequentially(TestNG.java:1244)
	at org.testng.TestNG.runSuitesLocally(TestNG.java:1169)
	at org.testng.TestNG.run(TestNG.java:1064)
	at com.intellij.rt.testng.IDEARemoteTestNG.run(IDEARemoteTestNG.java:66)
	at com.intellij.rt.testng.RemoteTestNGStarter.main(RemoteTestNGStarter.java:109)
</pre></div></td>
<td>0</td>
<td>bigBoy.app.bbs.bbsTest@1990a65e</td></tr>
<tr>
<td title='bigBoy.backendapi.goods.goodsTest.addChannelTest()'><b>addChannelTest</b><br>Test class: bigBoy.backendapi.goods.goodsTest</td>
<td><div><pre>java.lang.AssertionError: expected [SUCCESS] but found [FAIL]
	at org.testng.Assert.fail(Assert.java:94)
	at org.testng.Assert.failNotEquals(Assert.java:513)
	at org.testng.Assert.assertEqualsImpl(Assert.java:135)
	at org.testng.Assert.assertEquals(Assert.java:116)
	at org.testng.Assert.assertEquals(Assert.java:190)
	at org.testng.Assert.assertEquals(Assert.java:200)
	at bigBoy.backendapi.goods.goodsTest.addChannelTest(goodsTest.java:213)
	at sun.reflect.NativeMethodAccessorImpl.invoke0(Native Method)
	at sun.reflect.NativeMethodAccessorImpl.invoke(NativeMethodAccessorImpl.java:62)
	at sun.reflect.DelegatingMethodAccessorImpl.invoke(DelegatingMethodAccessorImpl.java:43)
	at java.lang.reflect.Method.invoke(Method.java:498)
	at org.testng.internal.MethodInvocationHelper.invokeMethod(MethodInvocationHelper.java:86)
	at org.testng.internal.Invoker.invokeMethod(Invoker.java:643)
	at org.testng.internal.Invoker.invokeTestMethod(Invoker.java:820)
	at org.testng.internal.Invoker.invokeTestMethods(Invoker.java:1128)
	at org.testng.internal.TestMethodWorker.invokeTestMethods(TestMethodWorker.java:129)
	at org.testng.internal.TestMethodWorker.run(TestMethodWorker.java:112)
	at org.testng.TestRunner.privateRun(TestRunner.java:782)
	at org.testng.TestRunner.run(TestRunner.java:632)
	at org.testng.SuiteRunner.runTest(SuiteRunner.java:366)
	at org.testng.SuiteRunner.runSequentially(SuiteRunner.java:361)
	at org.testng.SuiteRunner.privateRun(SuiteRunner.java:319)
	at org.testng.SuiteRunner.run(SuiteRunner.java:268)
	at org.testng.SuiteRunnerWorker.runSuite(SuiteRunnerWorker.java:52)
	at org.testng.SuiteRunnerWorker.run(SuiteRunnerWorker.java:86)
	at org.testng.TestNG.runSuitesSequentially(TestNG.java:1244)
	at org.testng.TestNG.runSuitesLocally(TestNG.java:1169)
	at org.testng.TestNG.run(TestNG.java:1064)
	at com.intellij.rt.testng.IDEARemoteTestNG.run(IDEARemoteTestNG.java:66)
	at com.intellij.rt.testng.RemoteTestNGStarter.main(RemoteTestNGStarter.java:109)
</pre></div><a href='#' onClick='toggleBox("stack-trace416285645", this, "Click to show all stack frames", "Click to hide stack frames")'>Click to show all stack frames</a>
<div class='stack-trace' id='stack-trace416285645'><pre>java.lang.AssertionError: expected [SUCCESS] but found [FAIL]
	at org.testng.Assert.fail(Assert.java:94)
	at org.testng.Assert.failNotEquals(Assert.java:513)
	at org.testng.Assert.assertEqualsImpl(Assert.java:135)
	at org.testng.Assert.assertEquals(Assert.java:116)
	at org.testng.Assert.assertEquals(Assert.java:190)
	at org.testng.Assert.assertEquals(Assert.java:200)
	at bigBoy.backendapi.goods.goodsTest.addChannelTest(goodsTest.java:213)
	at sun.reflect.NativeMethodAccessorImpl.invoke0(Native Method)
	at sun.reflect.NativeMethodAccessorImpl.invoke(NativeMethodAccessorImpl.java:62)
	at sun.reflect.DelegatingMethodAccessorImpl.invoke(DelegatingMethodAccessorImpl.java:43)
	at java.lang.reflect.Method.invoke(Method.java:498)
	at org.testng.internal.MethodInvocationHelper.invokeMethod(MethodInvocationHelper.java:86)
	at org.testng.internal.Invoker.invokeMethod(Invoker.java:643)
	at org.testng.internal.Invoker.invokeTestMethod(Invoker.java:820)
	at org.testng.internal.Invoker.invokeTestMethods(Invoker.java:1128)
	at org.testng.internal.TestMethodWorker.invokeTestMethods(TestMethodWorker.java:129)
	at org.testng.internal.TestMethodWorker.run(TestMethodWorker.java:112)
	at org.testng.TestRunner.privateRun(TestRunner.java:782)
	at org.testng.TestRunner.run(TestRunner.java:632)
	at org.testng.SuiteRunner.runTest(SuiteRunner.java:366)
	at org.testng.SuiteRunner.runSequentially(SuiteRunner.java:361)
	at org.testng.SuiteRunner.privateRun(SuiteRunner.java:319)
	at org.testng.SuiteRunner.run(SuiteRunner.java:268)
	at org.testng.SuiteRunnerWorker.runSuite(SuiteRunnerWorker.java:52)
	at org.testng.SuiteRunnerWorker.run(SuiteRunnerWorker.java:86)
	at org.testng.TestNG.runSuitesSequentially(TestNG.java:1244)
	at org.testng.TestNG.runSuitesLocally(TestNG.java:1169)
	at org.testng.TestNG.run(TestNG.java:1064)
	at com.intellij.rt.testng.IDEARemoteTestNG.run(IDEARemoteTestNG.java:66)
	at com.intellij.rt.testng.RemoteTestNGStarter.main(RemoteTestNGStarter.java:109)
</pre></div></td>
<td>0</td>
<td>bigBoy.backendapi.goods.goodsTest@43a0cee9</td></tr>
<tr>
<td title='bigBoy.backendapi.goods.goodsAssociateTest.associateTest()'><b>associateTest</b><br>Test class: bigBoy.backendapi.goods.goodsAssociateTest<br>Parameters: 0, 100002993</td>
<td><div><pre>java.lang.IllegalArgumentException: argument type mismatch
	at sun.reflect.NativeMethodAccessorImpl.invoke0(Native Method)
	at sun.reflect.NativeMethodAccessorImpl.invoke(NativeMethodAccessorImpl.java:62)
	at sun.reflect.DelegatingMethodAccessorImpl.invoke(DelegatingMethodAccessorImpl.java:43)
	at java.lang.reflect.Method.invoke(Method.java:498)
	at org.testng.internal.MethodInvocationHelper.invokeMethod(MethodInvocationHelper.java:86)
	at org.testng.internal.Invoker.invokeMethod(Invoker.java:643)
	at org.testng.internal.Invoker.invokeTestMethod(Invoker.java:820)
	at org.testng.internal.Invoker.invokeTestMethods(Invoker.java:1128)
	at org.testng.internal.TestMethodWorker.invokeTestMethods(TestMethodWorker.java:129)
	at org.testng.internal.TestMethodWorker.run(TestMethodWorker.java:112)
	at org.testng.TestRunner.privateRun(TestRunner.java:782)
	at org.testng.TestRunner.run(TestRunner.java:632)
	at org.testng.SuiteRunner.runTest(SuiteRunner.java:366)
	at org.testng.SuiteRunner.runSequentially(SuiteRunner.java:361)
	at org.testng.SuiteRunner.privateRun(SuiteRunner.java:319)
	at org.testng.SuiteRunner.run(SuiteRunner.java:268)
	at org.testng.SuiteRunnerWorker.runSuite(SuiteRunnerWorker.java:52)
	at org.testng.SuiteRunnerWorker.run(SuiteRunnerWorker.java:86)
	at org.testng.TestNG.runSuitesSequentially(TestNG.java:1244)
	at org.testng.TestNG.runSuitesLocally(TestNG.java:1169)
	at org.testng.TestNG.run(TestNG.java:1064)
	at com.intellij.rt.testng.IDEARemoteTestNG.run(IDEARemoteTestNG.java:66)
	at com.intellij.rt.testng.RemoteTestNGStarter.main(RemoteTestNGStarter.java:109)
</pre></div><a href='#' onClick='toggleBox("stack-trace270313690", this, "Click to show all stack frames", "Click to hide stack frames")'>Click to show all stack frames</a>
<div class='stack-trace' id='stack-trace270313690'><pre>java.lang.IllegalArgumentException: argument type mismatch
	at sun.reflect.NativeMethodAccessorImpl.invoke0(Native Method)
	at sun.reflect.NativeMethodAccessorImpl.invoke(NativeMethodAccessorImpl.java:62)
	at sun.reflect.DelegatingMethodAccessorImpl.invoke(DelegatingMethodAccessorImpl.java:43)
	at java.lang.reflect.Method.invoke(Method.java:498)
	at org.testng.internal.MethodInvocationHelper.invokeMethod(MethodInvocationHelper.java:86)
	at org.testng.internal.Invoker.invokeMethod(Invoker.java:643)
	at org.testng.internal.Invoker.invokeTestMethod(Invoker.java:820)
	at org.testng.internal.Invoker.invokeTestMethods(Invoker.java:1128)
	at org.testng.internal.TestMethodWorker.invokeTestMethods(TestMethodWorker.java:129)
	at org.testng.internal.TestMethodWorker.run(TestMethodWorker.java:112)
	at org.testng.TestRunner.privateRun(TestRunner.java:782)
	at org.testng.TestRunner.run(TestRunner.java:632)
	at org.testng.SuiteRunner.runTest(SuiteRunner.java:366)
	at org.testng.SuiteRunner.runSequentially(SuiteRunner.java:361)
	at org.testng.SuiteRunner.privateRun(SuiteRunner.java:319)
	at org.testng.SuiteRunner.run(SuiteRunner.java:268)
	at org.testng.SuiteRunnerWorker.runSuite(SuiteRunnerWorker.java:52)
	at org.testng.SuiteRunnerWorker.run(SuiteRunnerWorker.java:86)
	at org.testng.TestNG.runSuitesSequentially(TestNG.java:1244)
	at org.testng.TestNG.runSuitesLocally(TestNG.java:1169)
	at org.testng.TestNG.run(TestNG.java:1064)
	at com.intellij.rt.testng.IDEARemoteTestNG.run(IDEARemoteTestNG.java:66)
	at com.intellij.rt.testng.RemoteTestNGStarter.main(RemoteTestNGStarter.java:109)
</pre></div></td>
<td>0</td>
<td>bigBoy.backendapi.goods.goodsAssociateTest@1786f9d5</td></tr>
<tr>
<td title='bigBoy.app.lottery.lotteryTest.drawTest()'><b>drawTest</b><br>Test class: bigBoy.app.lottery.lotteryTest<br>Test method: 参与抽奖</td>
<td><div><pre>java.lang.AssertionError: expected [SUCCESS] but found [USER_NOT_FOUND]
	at org.testng.Assert.fail(Assert.java:94)
	at org.testng.Assert.failNotEquals(Assert.java:513)
	at org.testng.Assert.assertEqualsImpl(Assert.java:135)
	at org.testng.Assert.assertEquals(Assert.java:116)
	at org.testng.Assert.assertEquals(Assert.java:190)
	at org.testng.Assert.assertEquals(Assert.java:200)
	at bigBoy.app.lottery.lotteryTest.drawTest(lotteryTest.java:116)
	at sun.reflect.NativeMethodAccessorImpl.invoke0(Native Method)
	at sun.reflect.NativeMethodAccessorImpl.invoke(NativeMethodAccessorImpl.java:62)
	at sun.reflect.DelegatingMethodAccessorImpl.invoke(DelegatingMethodAccessorImpl.java:43)
	at java.lang.reflect.Method.invoke(Method.java:498)
	at org.testng.internal.MethodInvocationHelper.invokeMethod(MethodInvocationHelper.java:86)
	at org.testng.internal.Invoker.invokeMethod(Invoker.java:643)
	at org.testng.internal.Invoker.invokeTestMethod(Invoker.java:820)
	at org.testng.internal.Invoker.invokeTestMethods(Invoker.java:1128)
	at org.testng.internal.TestMethodWorker.invokeTestMethods(TestMethodWorker.java:129)
	at org.testng.internal.TestMethodWorker.run(TestMethodWorker.java:112)
	at org.testng.TestRunner.privateRun(TestRunner.java:782)
	at org.testng.TestRunner.run(TestRunner.java:632)
	at org.testng.SuiteRunner.runTest(SuiteRunner.java:366)
	at org.testng.SuiteRunner.runSequentially(SuiteRunner.java:361)
	at org.testng.SuiteRunner.privateRun(SuiteRunner.java:319)
	at org.testng.SuiteRunner.run(SuiteRunner.java:268)
	at org.testng.SuiteRunnerWorker.runSuite(SuiteRunnerWorker.java:52)
	at org.testng.SuiteRunnerWorker.run(SuiteRunnerWorker.java:86)
	at org.testng.TestNG.runSuitesSequentially(TestNG.java:1244)
	at org.testng.TestNG.runSuitesLocally(TestNG.java:1169)
	at org.testng.TestNG.run(TestNG.java:1064)
	at com.intellij.rt.testng.IDEARemoteTestNG.run(IDEARemoteTestNG.java:66)
	at com.intellij.rt.testng.RemoteTestNGStarter.main(RemoteTestNGStarter.java:109)
</pre></div><a href='#' onClick='toggleBox("stack-trace2020602315", this, "Click to show all stack frames", "Click to hide stack frames")'>Click to show all stack frames</a>
<div class='stack-trace' id='stack-trace2020602315'><pre>java.lang.AssertionError: expected [SUCCESS] but found [USER_NOT_FOUND]
	at org.testng.Assert.fail(Assert.java:94)
	at org.testng.Assert.failNotEquals(Assert.java:513)
	at org.testng.Assert.assertEqualsImpl(Assert.java:135)
	at org.testng.Assert.assertEquals(Assert.java:116)
	at org.testng.Assert.assertEquals(Assert.java:190)
	at org.testng.Assert.assertEquals(Assert.java:200)
	at bigBoy.app.lottery.lotteryTest.drawTest(lotteryTest.java:116)
	at sun.reflect.NativeMethodAccessorImpl.invoke0(Native Method)
	at sun.reflect.NativeMethodAccessorImpl.invoke(NativeMethodAccessorImpl.java:62)
	at sun.reflect.DelegatingMethodAccessorImpl.invoke(DelegatingMethodAccessorImpl.java:43)
	at java.lang.reflect.Method.invoke(Method.java:498)
	at org.testng.internal.MethodInvocationHelper.invokeMethod(MethodInvocationHelper.java:86)
	at org.testng.internal.Invoker.invokeMethod(Invoker.java:643)
	at org.testng.internal.Invoker.invokeTestMethod(Invoker.java:820)
	at org.testng.internal.Invoker.invokeTestMethods(Invoker.java:1128)
	at org.testng.internal.TestMethodWorker.invokeTestMethods(TestMethodWorker.java:129)
	at org.testng.internal.TestMethodWorker.run(TestMethodWorker.java:112)
	at org.testng.TestRunner.privateRun(TestRunner.java:782)
	at org.testng.TestRunner.run(TestRunner.java:632)
	at org.testng.SuiteRunner.runTest(SuiteRunner.java:366)
	at org.testng.SuiteRunner.runSequentially(SuiteRunner.java:361)
	at org.testng.SuiteRunner.privateRun(SuiteRunner.java:319)
	at org.testng.SuiteRunner.run(SuiteRunner.java:268)
	at org.testng.SuiteRunnerWorker.runSuite(SuiteRunnerWorker.java:52)
	at org.testng.SuiteRunnerWorker.run(SuiteRunnerWorker.java:86)
	at org.testng.TestNG.runSuitesSequentially(TestNG.java:1244)
	at org.testng.TestNG.runSuitesLocally(TestNG.java:1169)
	at org.testng.TestNG.run(TestNG.java:1064)
	at com.intellij.rt.testng.IDEARemoteTestNG.run(IDEARemoteTestNG.java:66)
	at com.intellij.rt.testng.RemoteTestNGStarter.main(RemoteTestNGStarter.java:109)
</pre></div></td>
<td>0</td>
<td>bigBoy.app.lottery.lotteryTest@150c158</td></tr>
<tr>
<td title='bigBoy.app.lottery.lotteryTest.infoTest()'><b>infoTest</b><br>Test class: bigBoy.app.lottery.lotteryTest<br>Test method: 查看指定抽奖的信息</td>
<td><div><pre>java.lang.AssertionError: expected [SUCCESS] but found [FAIL]
	at org.testng.Assert.fail(Assert.java:94)
	at org.testng.Assert.failNotEquals(Assert.java:513)
	at org.testng.Assert.assertEqualsImpl(Assert.java:135)
	at org.testng.Assert.assertEquals(Assert.java:116)
	at org.testng.Assert.assertEquals(Assert.java:190)
	at org.testng.Assert.assertEquals(Assert.java:200)
	at bigBoy.app.lottery.lotteryTest.infoTest(lotteryTest.java:98)
	at sun.reflect.NativeMethodAccessorImpl.invoke0(Native Method)
	at sun.reflect.NativeMethodAccessorImpl.invoke(NativeMethodAccessorImpl.java:62)
	at sun.reflect.DelegatingMethodAccessorImpl.invoke(DelegatingMethodAccessorImpl.java:43)
	at java.lang.reflect.Method.invoke(Method.java:498)
	at org.testng.internal.MethodInvocationHelper.invokeMethod(MethodInvocationHelper.java:86)
	at org.testng.internal.Invoker.invokeMethod(Invoker.java:643)
	at org.testng.internal.Invoker.invokeTestMethod(Invoker.java:820)
	at org.testng.internal.Invoker.invokeTestMethods(Invoker.java:1128)
	at org.testng.internal.TestMethodWorker.invokeTestMethods(TestMethodWorker.java:129)
	at org.testng.internal.TestMethodWorker.run(TestMethodWorker.java:112)
	at org.testng.TestRunner.privateRun(TestRunner.java:782)
	at org.testng.TestRunner.run(TestRunner.java:632)
	at org.testng.SuiteRunner.runTest(SuiteRunner.java:366)
	at org.testng.SuiteRunner.runSequentially(SuiteRunner.java:361)
	at org.testng.SuiteRunner.privateRun(SuiteRunner.java:319)
	at org.testng.SuiteRunner.run(SuiteRunner.java:268)
	at org.testng.SuiteRunnerWorker.runSuite(SuiteRunnerWorker.java:52)
	at org.testng.SuiteRunnerWorker.run(SuiteRunnerWorker.java:86)
	at org.testng.TestNG.runSuitesSequentially(TestNG.java:1244)
	at org.testng.TestNG.runSuitesLocally(TestNG.java:1169)
	at org.testng.TestNG.run(TestNG.java:1064)
	at com.intellij.rt.testng.IDEARemoteTestNG.run(IDEARemoteTestNG.java:66)
	at com.intellij.rt.testng.RemoteTestNGStarter.main(RemoteTestNGStarter.java:109)
</pre></div><a href='#' onClick='toggleBox("stack-trace2087075503", this, "Click to show all stack frames", "Click to hide stack frames")'>Click to show all stack frames</a>
<div class='stack-trace' id='stack-trace2087075503'><pre>java.lang.AssertionError: expected [SUCCESS] but found [FAIL]
	at org.testng.Assert.fail(Assert.java:94)
	at org.testng.Assert.failNotEquals(Assert.java:513)
	at org.testng.Assert.assertEqualsImpl(Assert.java:135)
	at org.testng.Assert.assertEquals(Assert.java:116)
	at org.testng.Assert.assertEquals(Assert.java:190)
	at org.testng.Assert.assertEquals(Assert.java:200)
	at bigBoy.app.lottery.lotteryTest.infoTest(lotteryTest.java:98)
	at sun.reflect.NativeMethodAccessorImpl.invoke0(Native Method)
	at sun.reflect.NativeMethodAccessorImpl.invoke(NativeMethodAccessorImpl.java:62)
	at sun.reflect.DelegatingMethodAccessorImpl.invoke(DelegatingMethodAccessorImpl.java:43)
	at java.lang.reflect.Method.invoke(Method.java:498)
	at org.testng.internal.MethodInvocationHelper.invokeMethod(MethodInvocationHelper.java:86)
	at org.testng.internal.Invoker.invokeMethod(Invoker.java:643)
	at org.testng.internal.Invoker.invokeTestMethod(Invoker.java:820)
	at org.testng.internal.Invoker.invokeTestMethods(Invoker.java:1128)
	at org.testng.internal.TestMethodWorker.invokeTestMethods(TestMethodWorker.java:129)
	at org.testng.internal.TestMethodWorker.run(TestMethodWorker.java:112)
	at org.testng.TestRunner.privateRun(TestRunner.java:782)
	at org.testng.TestRunner.run(TestRunner.java:632)
	at org.testng.SuiteRunner.runTest(SuiteRunner.java:366)
	at org.testng.SuiteRunner.runSequentially(SuiteRunner.java:361)
	at org.testng.SuiteRunner.privateRun(SuiteRunner.java:319)
	at org.testng.SuiteRunner.run(SuiteRunner.java:268)
	at org.testng.SuiteRunnerWorker.runSuite(SuiteRunnerWorker.java:52)
	at org.testng.SuiteRunnerWorker.run(SuiteRunnerWorker.java:86)
	at org.testng.TestNG.runSuitesSequentially(TestNG.java:1244)
	at org.testng.TestNG.runSuitesLocally(TestNG.java:1169)
	at org.testng.TestNG.run(TestNG.java:1064)
	at com.intellij.rt.testng.IDEARemoteTestNG.run(IDEARemoteTestNG.java:66)
	at com.intellij.rt.testng.RemoteTestNGStarter.main(RemoteTestNGStarter.java:109)
</pre></div></td>
<td>0</td>
<td>bigBoy.app.lottery.lotteryTest@150c158</td></tr>
<tr>
<td title='bigBoy.app.bbs.tradeShowTest.queryDisplayWindowDetailTest()'><b>queryDisplayWindowDetailTest</b><br>Test class: bigBoy.app.bbs.tradeShowTest<br>Test method: 查询某个展览下的橱窗作品</td>
<td><div><pre>java.lang.AssertionError: expected [SUCCESS] but found [ALERT_MESSAGE]
	at org.testng.Assert.fail(Assert.java:94)
	at org.testng.Assert.failNotEquals(Assert.java:513)
	at org.testng.Assert.assertEqualsImpl(Assert.java:135)
	at org.testng.Assert.assertEquals(Assert.java:116)
	at org.testng.Assert.assertEquals(Assert.java:190)
	at org.testng.Assert.assertEquals(Assert.java:200)
	at bigBoy.app.bbs.tradeShowTest.queryDisplayWindowDetailTest(tradeShowTest.java:56)
	at sun.reflect.NativeMethodAccessorImpl.invoke0(Native Method)
	at sun.reflect.NativeMethodAccessorImpl.invoke(NativeMethodAccessorImpl.java:62)
	at sun.reflect.DelegatingMethodAccessorImpl.invoke(DelegatingMethodAccessorImpl.java:43)
	at java.lang.reflect.Method.invoke(Method.java:498)
	at org.testng.internal.MethodInvocationHelper.invokeMethod(MethodInvocationHelper.java:86)
	at org.testng.internal.Invoker.invokeMethod(Invoker.java:643)
	at org.testng.internal.Invoker.invokeTestMethod(Invoker.java:820)
	at org.testng.internal.Invoker.invokeTestMethods(Invoker.java:1128)
	at org.testng.internal.TestMethodWorker.invokeTestMethods(TestMethodWorker.java:129)
	at org.testng.internal.TestMethodWorker.run(TestMethodWorker.java:112)
	at org.testng.TestRunner.privateRun(TestRunner.java:782)
	at org.testng.TestRunner.run(TestRunner.java:632)
	at org.testng.SuiteRunner.runTest(SuiteRunner.java:366)
	at org.testng.SuiteRunner.runSequentially(SuiteRunner.java:361)
	at org.testng.SuiteRunner.privateRun(SuiteRunner.java:319)
	at org.testng.SuiteRunner.run(SuiteRunner.java:268)
	at org.testng.SuiteRunnerWorker.runSuite(SuiteRunnerWorker.java:52)
	at org.testng.SuiteRunnerWorker.run(SuiteRunnerWorker.java:86)
	at org.testng.TestNG.runSuitesSequentially(TestNG.java:1244)
	at org.testng.TestNG.runSuitesLocally(TestNG.java:1169)
	at org.testng.TestNG.run(TestNG.java:1064)
	at com.intellij.rt.testng.IDEARemoteTestNG.run(IDEARemoteTestNG.java:66)
	at com.intellij.rt.testng.RemoteTestNGStarter.main(RemoteTestNGStarter.java:109)
</pre></div><a href='#' onClick='toggleBox("stack-trace665565246", this, "Click to show all stack frames", "Click to hide stack frames")'>Click to show all stack frames</a>
<div class='stack-trace' id='stack-trace665565246'><pre>java.lang.AssertionError: expected [SUCCESS] but found [ALERT_MESSAGE]
	at org.testng.Assert.fail(Assert.java:94)
	at org.testng.Assert.failNotEquals(Assert.java:513)
	at org.testng.Assert.assertEqualsImpl(Assert.java:135)
	at org.testng.Assert.assertEquals(Assert.java:116)
	at org.testng.Assert.assertEquals(Assert.java:190)
	at org.testng.Assert.assertEquals(Assert.java:200)
	at bigBoy.app.bbs.tradeShowTest.queryDisplayWindowDetailTest(tradeShowTest.java:56)
	at sun.reflect.NativeMethodAccessorImpl.invoke0(Native Method)
	at sun.reflect.NativeMethodAccessorImpl.invoke(NativeMethodAccessorImpl.java:62)
	at sun.reflect.DelegatingMethodAccessorImpl.invoke(DelegatingMethodAccessorImpl.java:43)
	at java.lang.reflect.Method.invoke(Method.java:498)
	at org.testng.internal.MethodInvocationHelper.invokeMethod(MethodInvocationHelper.java:86)
	at org.testng.internal.Invoker.invokeMethod(Invoker.java:643)
	at org.testng.internal.Invoker.invokeTestMethod(Invoker.java:820)
	at org.testng.internal.Invoker.invokeTestMethods(Invoker.java:1128)
	at org.testng.internal.TestMethodWorker.invokeTestMethods(TestMethodWorker.java:129)
	at org.testng.internal.TestMethodWorker.run(TestMethodWorker.java:112)
	at org.testng.TestRunner.privateRun(TestRunner.java:782)
	at org.testng.TestRunner.run(TestRunner.java:632)
	at org.testng.SuiteRunner.runTest(SuiteRunner.java:366)
	at org.testng.SuiteRunner.runSequentially(SuiteRunner.java:361)
	at org.testng.SuiteRunner.privateRun(SuiteRunner.java:319)
	at org.testng.SuiteRunner.run(SuiteRunner.java:268)
	at org.testng.SuiteRunnerWorker.runSuite(SuiteRunnerWorker.java:52)
	at org.testng.SuiteRunnerWorker.run(SuiteRunnerWorker.java:86)
	at org.testng.TestNG.runSuitesSequentially(TestNG.java:1244)
	at org.testng.TestNG.runSuitesLocally(TestNG.java:1169)
	at org.testng.TestNG.run(TestNG.java:1064)
	at com.intellij.rt.testng.IDEARemoteTestNG.run(IDEARemoteTestNG.java:66)
	at com.intellij.rt.testng.RemoteTestNGStarter.main(RemoteTestNGStarter.java:109)
</pre></div></td>
<td>0</td>
<td>bigBoy.app.bbs.tradeShowTest@64485a47</td></tr>
<tr>
<td title='bigBoy.app.order.receiveAddressTest.queryListTest()'><b>queryListTest</b><br>Test class: bigBoy.app.order.receiveAddressTest<br>Test method: 查询收货地址列表</td>
<td><div><pre>java.lang.AssertionError: expected [SUCCESS] but found [DISABLED_LOGIN]
	at org.testng.Assert.fail(Assert.java:94)
	at org.testng.Assert.failNotEquals(Assert.java:513)
	at org.testng.Assert.assertEqualsImpl(Assert.java:135)
	at org.testng.Assert.assertEquals(Assert.java:116)
	at org.testng.Assert.assertEquals(Assert.java:190)
	at org.testng.Assert.assertEquals(Assert.java:200)
	at bigBoy.app.order.receiveAddressTest.queryListTest(receiveAddressTest.java:90)
	at sun.reflect.NativeMethodAccessorImpl.invoke0(Native Method)
	at sun.reflect.NativeMethodAccessorImpl.invoke(NativeMethodAccessorImpl.java:62)
	at sun.reflect.DelegatingMethodAccessorImpl.invoke(DelegatingMethodAccessorImpl.java:43)
	at java.lang.reflect.Method.invoke(Method.java:498)
	at org.testng.internal.MethodInvocationHelper.invokeMethod(MethodInvocationHelper.java:86)
	at org.testng.internal.Invoker.invokeMethod(Invoker.java:643)
	at org.testng.internal.Invoker.invokeTestMethod(Invoker.java:820)
	at org.testng.internal.Invoker.invokeTestMethods(Invoker.java:1128)
	at org.testng.internal.TestMethodWorker.invokeTestMethods(TestMethodWorker.java:129)
	at org.testng.internal.TestMethodWorker.run(TestMethodWorker.java:112)
	at org.testng.TestRunner.privateRun(TestRunner.java:782)
	at org.testng.TestRunner.run(TestRunner.java:632)
	at org.testng.SuiteRunner.runTest(SuiteRunner.java:366)
	at org.testng.SuiteRunner.runSequentially(SuiteRunner.java:361)
	at org.testng.SuiteRunner.privateRun(SuiteRunner.java:319)
	at org.testng.SuiteRunner.run(SuiteRunner.java:268)
	at org.testng.SuiteRunnerWorker.runSuite(SuiteRunnerWorker.java:52)
	at org.testng.SuiteRunnerWorker.run(SuiteRunnerWorker.java:86)
	at org.testng.TestNG.runSuitesSequentially(TestNG.java:1244)
	at org.testng.TestNG.runSuitesLocally(TestNG.java:1169)
	at org.testng.TestNG.run(TestNG.java:1064)
	at com.intellij.rt.testng.IDEARemoteTestNG.run(IDEARemoteTestNG.java:66)
	at com.intellij.rt.testng.RemoteTestNGStarter.main(RemoteTestNGStarter.java:109)
</pre></div><a href='#' onClick='toggleBox("stack-trace2111669429", this, "Click to show all stack frames", "Click to hide stack frames")'>Click to show all stack frames</a>
<div class='stack-trace' id='stack-trace2111669429'><pre>java.lang.AssertionError: expected [SUCCESS] but found [DISABLED_LOGIN]
	at org.testng.Assert.fail(Assert.java:94)
	at org.testng.Assert.failNotEquals(Assert.java:513)
	at org.testng.Assert.assertEqualsImpl(Assert.java:135)
	at org.testng.Assert.assertEquals(Assert.java:116)
	at org.testng.Assert.assertEquals(Assert.java:190)
	at org.testng.Assert.assertEquals(Assert.java:200)
	at bigBoy.app.order.receiveAddressTest.queryListTest(receiveAddressTest.java:90)
	at sun.reflect.NativeMethodAccessorImpl.invoke0(Native Method)
	at sun.reflect.NativeMethodAccessorImpl.invoke(NativeMethodAccessorImpl.java:62)
	at sun.reflect.DelegatingMethodAccessorImpl.invoke(DelegatingMethodAccessorImpl.java:43)
	at java.lang.reflect.Method.invoke(Method.java:498)
	at org.testng.internal.MethodInvocationHelper.invokeMethod(MethodInvocationHelper.java:86)
	at org.testng.internal.Invoker.invokeMethod(Invoker.java:643)
	at org.testng.internal.Invoker.invokeTestMethod(Invoker.java:820)
	at org.testng.internal.Invoker.invokeTestMethods(Invoker.java:1128)
	at org.testng.internal.TestMethodWorker.invokeTestMethods(TestMethodWorker.java:129)
	at org.testng.internal.TestMethodWorker.run(TestMethodWorker.java:112)
	at org.testng.TestRunner.privateRun(TestRunner.java:782)
	at org.testng.TestRunner.run(TestRunner.java:632)
	at org.testng.SuiteRunner.runTest(SuiteRunner.java:366)
	at org.testng.SuiteRunner.runSequentially(SuiteRunner.java:361)
	at org.testng.SuiteRunner.privateRun(SuiteRunner.java:319)
	at org.testng.SuiteRunner.run(SuiteRunner.java:268)
	at org.testng.SuiteRunnerWorker.runSuite(SuiteRunnerWorker.java:52)
	at org.testng.SuiteRunnerWorker.run(SuiteRunnerWorker.java:86)
	at org.testng.TestNG.runSuitesSequentially(TestNG.java:1244)
	at org.testng.TestNG.runSuitesLocally(TestNG.java:1169)
	at org.testng.TestNG.run(TestNG.java:1064)
	at com.intellij.rt.testng.IDEARemoteTestNG.run(IDEARemoteTestNG.java:66)
	at com.intellij.rt.testng.RemoteTestNGStarter.main(RemoteTestNGStarter.java:109)
</pre></div></td>
<td>0</td>
<td>bigBoy.app.order.receiveAddressTest@4524411f</td></tr>
<tr>
<td title='bigBoy.app.lottery.lotteryTest.shareTest()'><b>shareTest</b><br>Test class: bigBoy.app.lottery.lotteryTest<br>Test method: 分享抽奖</td>
<td><div><pre>java.lang.AssertionError: expected [SUCCESS] but found [USER_NOT_FOUND]
	at org.testng.Assert.fail(Assert.java:94)
	at org.testng.Assert.failNotEquals(Assert.java:513)
	at org.testng.Assert.assertEqualsImpl(Assert.java:135)
	at org.testng.Assert.assertEquals(Assert.java:116)
	at org.testng.Assert.assertEquals(Assert.java:190)
	at org.testng.Assert.assertEquals(Assert.java:200)
	at bigBoy.app.lottery.lotteryTest.shareTest(lotteryTest.java:134)
	at sun.reflect.NativeMethodAccessorImpl.invoke0(Native Method)
	at sun.reflect.NativeMethodAccessorImpl.invoke(NativeMethodAccessorImpl.java:62)
	at sun.reflect.DelegatingMethodAccessorImpl.invoke(DelegatingMethodAccessorImpl.java:43)
	at java.lang.reflect.Method.invoke(Method.java:498)
	at org.testng.internal.MethodInvocationHelper.invokeMethod(MethodInvocationHelper.java:86)
	at org.testng.internal.Invoker.invokeMethod(Invoker.java:643)
	at org.testng.internal.Invoker.invokeTestMethod(Invoker.java:820)
	at org.testng.internal.Invoker.invokeTestMethods(Invoker.java:1128)
	at org.testng.internal.TestMethodWorker.invokeTestMethods(TestMethodWorker.java:129)
	at org.testng.internal.TestMethodWorker.run(TestMethodWorker.java:112)
	at org.testng.TestRunner.privateRun(TestRunner.java:782)
	at org.testng.TestRunner.run(TestRunner.java:632)
	at org.testng.SuiteRunner.runTest(SuiteRunner.java:366)
	at org.testng.SuiteRunner.runSequentially(SuiteRunner.java:361)
	at org.testng.SuiteRunner.privateRun(SuiteRunner.java:319)
	at org.testng.SuiteRunner.run(SuiteRunner.java:268)
	at org.testng.SuiteRunnerWorker.runSuite(SuiteRunnerWorker.java:52)
	at org.testng.SuiteRunnerWorker.run(SuiteRunnerWorker.java:86)
	at org.testng.TestNG.runSuitesSequentially(TestNG.java:1244)
	at org.testng.TestNG.runSuitesLocally(TestNG.java:1169)
	at org.testng.TestNG.run(TestNG.java:1064)
	at com.intellij.rt.testng.IDEARemoteTestNG.run(IDEARemoteTestNG.java:66)
	at com.intellij.rt.testng.RemoteTestNGStarter.main(RemoteTestNGStarter.java:109)
</pre></div><a href='#' onClick='toggleBox("stack-trace1788036341", this, "Click to show all stack frames", "Click to hide stack frames")'>Click to show all stack frames</a>
<div class='stack-trace' id='stack-trace1788036341'><pre>java.lang.AssertionError: expected [SUCCESS] but found [USER_NOT_FOUND]
	at org.testng.Assert.fail(Assert.java:94)
	at org.testng.Assert.failNotEquals(Assert.java:513)
	at org.testng.Assert.assertEqualsImpl(Assert.java:135)
	at org.testng.Assert.assertEquals(Assert.java:116)
	at org.testng.Assert.assertEquals(Assert.java:190)
	at org.testng.Assert.assertEquals(Assert.java:200)
	at bigBoy.app.lottery.lotteryTest.shareTest(lotteryTest.java:134)
	at sun.reflect.NativeMethodAccessorImpl.invoke0(Native Method)
	at sun.reflect.NativeMethodAccessorImpl.invoke(NativeMethodAccessorImpl.java:62)
	at sun.reflect.DelegatingMethodAccessorImpl.invoke(DelegatingMethodAccessorImpl.java:43)
	at java.lang.reflect.Method.invoke(Method.java:498)
	at org.testng.internal.MethodInvocationHelper.invokeMethod(MethodInvocationHelper.java:86)
	at org.testng.internal.Invoker.invokeMethod(Invoker.java:643)
	at org.testng.internal.Invoker.invokeTestMethod(Invoker.java:820)
	at org.testng.internal.Invoker.invokeTestMethods(Invoker.java:1128)
	at org.testng.internal.TestMethodWorker.invokeTestMethods(TestMethodWorker.java:129)
	at org.testng.internal.TestMethodWorker.run(TestMethodWorker.java:112)
	at org.testng.TestRunner.privateRun(TestRunner.java:782)
	at org.testng.TestRunner.run(TestRunner.java:632)
	at org.testng.SuiteRunner.runTest(SuiteRunner.java:366)
	at org.testng.SuiteRunner.runSequentially(SuiteRunner.java:361)
	at org.testng.SuiteRunner.privateRun(SuiteRunner.java:319)
	at org.testng.SuiteRunner.run(SuiteRunner.java:268)
	at org.testng.SuiteRunnerWorker.runSuite(SuiteRunnerWorker.java:52)
	at org.testng.SuiteRunnerWorker.run(SuiteRunnerWorker.java:86)
	at org.testng.TestNG.runSuitesSequentially(TestNG.java:1244)
	at org.testng.TestNG.runSuitesLocally(TestNG.java:1169)
	at org.testng.TestNG.run(TestNG.java:1064)
	at com.intellij.rt.testng.IDEARemoteTestNG.run(IDEARemoteTestNG.java:66)
	at com.intellij.rt.testng.RemoteTestNGStarter.main(RemoteTestNGStarter.java:109)
</pre></div></td>
<td>0</td>
<td>bigBoy.app.lottery.lotteryTest@150c158</td></tr>
<tr>
<td title='bigBoy.app.order.receiveAddressTest.updateAddressTest()'><b>updateAddressTest</b><br>Test class: bigBoy.app.order.receiveAddressTest<br>Test method: 修改收货地址</td>
<td><div><pre>java.lang.AssertionError: expected [SUCCESS] but found [DISABLED_LOGIN]
	at org.testng.Assert.fail(Assert.java:94)
	at org.testng.Assert.failNotEquals(Assert.java:513)
	at org.testng.Assert.assertEqualsImpl(Assert.java:135)
	at org.testng.Assert.assertEquals(Assert.java:116)
	at org.testng.Assert.assertEquals(Assert.java:190)
	at org.testng.Assert.assertEquals(Assert.java:200)
	at bigBoy.app.order.receiveAddressTest.updateAddressTest(receiveAddressTest.java:79)
	at sun.reflect.NativeMethodAccessorImpl.invoke0(Native Method)
	at sun.reflect.NativeMethodAccessorImpl.invoke(NativeMethodAccessorImpl.java:62)
	at sun.reflect.DelegatingMethodAccessorImpl.invoke(DelegatingMethodAccessorImpl.java:43)
	at java.lang.reflect.Method.invoke(Method.java:498)
	at org.testng.internal.MethodInvocationHelper.invokeMethod(MethodInvocationHelper.java:86)
	at org.testng.internal.Invoker.invokeMethod(Invoker.java:643)
	at org.testng.internal.Invoker.invokeTestMethod(Invoker.java:820)
	at org.testng.internal.Invoker.invokeTestMethods(Invoker.java:1128)
	at org.testng.internal.TestMethodWorker.invokeTestMethods(TestMethodWorker.java:129)
	at org.testng.internal.TestMethodWorker.run(TestMethodWorker.java:112)
	at org.testng.TestRunner.privateRun(TestRunner.java:782)
	at org.testng.TestRunner.run(TestRunner.java:632)
	at org.testng.SuiteRunner.runTest(SuiteRunner.java:366)
	at org.testng.SuiteRunner.runSequentially(SuiteRunner.java:361)
	at org.testng.SuiteRunner.privateRun(SuiteRunner.java:319)
	at org.testng.SuiteRunner.run(SuiteRunner.java:268)
	at org.testng.SuiteRunnerWorker.runSuite(SuiteRunnerWorker.java:52)
	at org.testng.SuiteRunnerWorker.run(SuiteRunnerWorker.java:86)
	at org.testng.TestNG.runSuitesSequentially(TestNG.java:1244)
	at org.testng.TestNG.runSuitesLocally(TestNG.java:1169)
	at org.testng.TestNG.run(TestNG.java:1064)
	at com.intellij.rt.testng.IDEARemoteTestNG.run(IDEARemoteTestNG.java:66)
	at com.intellij.rt.testng.RemoteTestNGStarter.main(RemoteTestNGStarter.java:109)
</pre></div><a href='#' onClick='toggleBox("stack-trace2144962543", this, "Click to show all stack frames", "Click to hide stack frames")'>Click to show all stack frames</a>
<div class='stack-trace' id='stack-trace2144962543'><pre>java.lang.AssertionError: expected [SUCCESS] but found [DISABLED_LOGIN]
	at org.testng.Assert.fail(Assert.java:94)
	at org.testng.Assert.failNotEquals(Assert.java:513)
	at org.testng.Assert.assertEqualsImpl(Assert.java:135)
	at org.testng.Assert.assertEquals(Assert.java:116)
	at org.testng.Assert.assertEquals(Assert.java:190)
	at org.testng.Assert.assertEquals(Assert.java:200)
	at bigBoy.app.order.receiveAddressTest.updateAddressTest(receiveAddressTest.java:79)
	at sun.reflect.NativeMethodAccessorImpl.invoke0(Native Method)
	at sun.reflect.NativeMethodAccessorImpl.invoke(NativeMethodAccessorImpl.java:62)
	at sun.reflect.DelegatingMethodAccessorImpl.invoke(DelegatingMethodAccessorImpl.java:43)
	at java.lang.reflect.Method.invoke(Method.java:498)
	at org.testng.internal.MethodInvocationHelper.invokeMethod(MethodInvocationHelper.java:86)
	at org.testng.internal.Invoker.invokeMethod(Invoker.java:643)
	at org.testng.internal.Invoker.invokeTestMethod(Invoker.java:820)
	at org.testng.internal.Invoker.invokeTestMethods(Invoker.java:1128)
	at org.testng.internal.TestMethodWorker.invokeTestMethods(TestMethodWorker.java:129)
	at org.testng.internal.TestMethodWorker.run(TestMethodWorker.java:112)
	at org.testng.TestRunner.privateRun(TestRunner.java:782)
	at org.testng.TestRunner.run(TestRunner.java:632)
	at org.testng.SuiteRunner.runTest(SuiteRunner.java:366)
	at org.testng.SuiteRunner.runSequentially(SuiteRunner.java:361)
	at org.testng.SuiteRunner.privateRun(SuiteRunner.java:319)
	at org.testng.SuiteRunner.run(SuiteRunner.java:268)
	at org.testng.SuiteRunnerWorker.runSuite(SuiteRunnerWorker.java:52)
	at org.testng.SuiteRunnerWorker.run(SuiteRunnerWorker.java:86)
	at org.testng.TestNG.runSuitesSequentially(TestNG.java:1244)
	at org.testng.TestNG.runSuitesLocally(TestNG.java:1169)
	at org.testng.TestNG.run(TestNG.java:1064)
	at com.intellij.rt.testng.IDEARemoteTestNG.run(IDEARemoteTestNG.java:66)
	at com.intellij.rt.testng.RemoteTestNGStarter.main(RemoteTestNGStarter.java:109)
</pre></div></td>
<td>0</td>
<td>bigBoy.app.order.receiveAddressTest@4524411f</td></tr>
</table><p>
<table width='100%' border='1' class='invocation-passed'>
<tr><td colspan='4' align='center'><b>PASSED TESTS</b></td></tr>
<tr><td><b>Test method</b></td>
<td width="30%"><b>Exception</b></td>
<td width="10%"><b>Time (seconds)</b></td>
<td><b>Instance</b></td>
</tr>
<tr>
<td title='bigBoy.backendapi.homepage.showTest.addAssociateTest()'><b>addAssociateTest</b><br>Test class: bigBoy.backendapi.homepage.showTest</td>
<td></td>
<td>0</td>
<td>bigBoy.backendapi.homepage.showTest@704d6e83</td></tr>
<tr>
<td title='bigBoy.app.bbs.bbsTest.addBigBoyThreadInfoTest()'><b>addBigBoyThreadInfoTest</b><br>Test class: bigBoy.app.bbs.bbsTest<br>Test method: 发布主贴</td>
<td></td>
<td>2</td>
<td>bigBoy.app.bbs.bbsTest@1990a65e</td></tr>
<tr>
<td title='bigBoy.backendapi.homepage.carouseImgTest.addCarouseTest()'><b>addCarouseTest</b><br>Test class: bigBoy.backendapi.homepage.carouseImgTest</td>
<td></td>
<td>0</td>
<td>bigBoy.backendapi.homepage.carouseImgTest@401e7803</td></tr>
<tr>
<td title='bigBoy.backendapi.homepage.hotGoodsTest.addHotGoodsTest()'><b>addHotGoodsTest</b><br>Test class: bigBoy.backendapi.homepage.hotGoodsTest</td>
<td></td>
<td>0</td>
<td>bigBoy.backendapi.homepage.hotGoodsTest@10dba097</td></tr>
<tr>
<td title='bigBoy.backendapi.hotSearchKeywordsTest.addHotSearchKeywordsTest()'><b>addHotSearchKeywordsTest</b><br>Test class: bigBoy.backendapi.hotSearchKeywordsTest</td>
<td></td>
<td>0</td>
<td>bigBoy.backendapi.hotSearchKeywordsTest@2eda0940</td></tr>
<tr>
<td title='bigBoy.app.user.infromTest.addInformChannelTest()'><b>addInformChannelTest</b><br>Test class: bigBoy.app.user.infromTest<br>Test method: 举报渠道</td>
<td></td>
<td>0</td>
<td>bigBoy.app.user.infromTest@25bbf683</td></tr>
<tr>
<td title='bigBoy.app.user.infromTest.addInformReplyTest()'><b>addInformReplyTest</b><br>Test class: bigBoy.app.user.infromTest<br>Test method: 举报评论</td>
<td></td>
<td>0</td>
<td>bigBoy.app.user.infromTest@25bbf683</td></tr>
<tr>
<td title='bigBoy.app.user.infromTest.addInformThreadTest()'><b>addInformThreadTest</b><br>Test class: bigBoy.app.user.infromTest<br>Test method: 举报主贴</td>
<td></td>
<td>0</td>
<td>bigBoy.app.user.infromTest@25bbf683</td></tr>
<tr>
<td title='bigBoy.app.lottery.lotteryTest.addLotter()'><b>addLotter</b><br>Test class: bigBoy.app.lottery.lotteryTest</td>
<td></td>
<td>0</td>
<td>bigBoy.app.lottery.lotteryTest@150c158</td></tr>
<tr>
<td title='bigBoy.backendapi.homepage.showTest.addShowTest()'><b>addShowTest</b><br>Test class: bigBoy.backendapi.homepage.showTest</td>
<td></td>
<td>0</td>
<td>bigBoy.backendapi.homepage.showTest@704d6e83</td></tr>
<tr>
<td title='bigBoy.backendapi.homepage.showTest.adddisplayWindowTest()'><b>adddisplayWindowTest</b><br>Test class: bigBoy.backendapi.homepage.showTest</td>
<td></td>
<td>0</td>
<td>bigBoy.backendapi.homepage.showTest@704d6e83</td></tr>
<tr>
<td title='bigBoy.backendapi.goods.goodsAssociateTest.associateTest()'><b>associateTest</b><br>Test class: bigBoy.backendapi.goods.goodsAssociateTest<br>Parameters: 1, 702</td>
<td></td>
<td>0</td>
<td>bigBoy.backendapi.goods.goodsAssociateTest@1786f9d5</td></tr>
<tr>
<td title='bigBoy.app.goods.goodsDetailsTest.associateThreadTest()'><b>associateThreadTest</b><br>Test class: bigBoy.app.goods.goodsDetailsTest</td>
<td></td>
<td>0</td>
<td>bigBoy.app.goods.goodsDetailsTest@544a2ea6</td></tr>
<tr>
<td title='bigBoy.backendapi.goods.collectionsTest.collectionTest()'><b>collectionTest</b><br>Test class: bigBoy.backendapi.goods.collectionsTest<br>Parameters: ips</td>
<td></td>
<td>1</td>
<td>bigBoy.backendapi.goods.collectionsTest@eb21112</td></tr>
<tr>
<td title='bigBoy.backendapi.goods.collectionsTest.collectionTest()'><b>collectionTest</b><br>Test class: bigBoy.backendapi.goods.collectionsTest<br>Parameters: series</td>
<td></td>
<td>2</td>
<td>bigBoy.backendapi.goods.collectionsTest@eb21112</td></tr>
<tr>
<td title='bigBoy.backendapi.goods.collectionsTest.collectionTest()'><b>collectionTest</b><br>Test class: bigBoy.backendapi.goods.collectionsTest<br>Parameters: factory</td>
<td></td>
<td>1</td>
<td>bigBoy.backendapi.goods.collectionsTest@eb21112</td></tr>
<tr>
<td title='bigBoy.backendapi.homepage.showTest.deleteAssociateTest()'><b>deleteAssociateTest</b><br>Test class: bigBoy.backendapi.homepage.showTest</td>
<td></td>
<td>0</td>
<td>bigBoy.backendapi.homepage.showTest@704d6e83</td></tr>
<tr>
<td title='bigBoy.backendapi.homepage.carouseImgTest.deleteCarouseTest()'><b>deleteCarouseTest</b><br>Test class: bigBoy.backendapi.homepage.carouseImgTest</td>
<td></td>
<td>0</td>
<td>bigBoy.backendapi.homepage.carouseImgTest@401e7803</td></tr>
<tr>
<td title='bigBoy.backendapi.homepage.hotGoodsTest.deleteHotGoodsTest()'><b>deleteHotGoodsTest</b><br>Test class: bigBoy.backendapi.homepage.hotGoodsTest</td>
<td></td>
<td>0</td>
<td>bigBoy.backendapi.homepage.hotGoodsTest@10dba097</td></tr>
<tr>
<td title='bigBoy.backendapi.hotSearchKeywordsTest.deleteHotSearchKeywordsTest()'><b>deleteHotSearchKeywordsTest</b><br>Test class: bigBoy.backendapi.hotSearchKeywordsTest</td>
<td></td>
<td>0</td>
<td>bigBoy.backendapi.hotSearchKeywordsTest@2eda0940</td></tr>
<tr>
<td title='bigBoy.backendapi.homepage.showTest.deleteShowTest()'><b>deleteShowTest</b><br>Test class: bigBoy.backendapi.homepage.showTest</td>
<td></td>
<td>0</td>
<td>bigBoy.backendapi.homepage.showTest@704d6e83</td></tr>
<tr>
<td title='bigBoy.backendapi.homepage.showTest.deletedisplayWindowTest()'><b>deletedisplayWindowTest</b><br>Test class: bigBoy.backendapi.homepage.showTest</td>
<td></td>
<td>0</td>
<td>bigBoy.backendapi.homepage.showTest@704d6e83</td></tr>
<tr>
<td title='bigBoy.app.goods.goodsTest.getAllMenuGoodsTest()'><b>getAllMenuGoodsTest</b><br>Test class: bigBoy.app.goods.goodsTest<br>Test method: 获取商品分类目录及商品<br>Parameters: null</td>
<td></td>
<td>0</td>
<td>bigBoy.app.goods.goodsTest@7276c8cd</td></tr>
<tr>
<td title='bigBoy.app.goods.goodsTest.getAllMenuGoodsTest()'><b>getAllMenuGoodsTest</b><br>Test class: bigBoy.app.goods.goodsTest<br>Test method: 获取商品分类目录及商品<br>Parameters: 1</td>
<td></td>
<td>0</td>
<td>bigBoy.app.goods.goodsTest@7276c8cd</td></tr>
<tr>
<td title='bigBoy.app.goods.goodsTest.getAllMenuGoodsTest()'><b>getAllMenuGoodsTest</b><br>Test class: bigBoy.app.goods.goodsTest<br>Test method: 获取商品分类目录及商品<br>Parameters: 2</td>
<td></td>
<td>0</td>
<td>bigBoy.app.goods.goodsTest@7276c8cd</td></tr>
<tr>
<td title='bigBoy.app.goods.goodsTest.getAllMenuGoodsTest()'><b>getAllMenuGoodsTest</b><br>Test class: bigBoy.app.goods.goodsTest<br>Test method: 获取商品分类目录及商品<br>Parameters: 3</td>
<td></td>
<td>0</td>
<td>bigBoy.app.goods.goodsTest@7276c8cd</td></tr>
<tr>
<td title='bigBoy.app.goods.goodsTest.getAllMenuGoodsTest()'><b>getAllMenuGoodsTest</b><br>Test class: bigBoy.app.goods.goodsTest<br>Test method: 获取商品分类目录及商品<br>Parameters: 4</td>
<td></td>
<td>0</td>
<td>bigBoy.app.goods.goodsTest@7276c8cd</td></tr>
<tr>
<td title='bigBoy.app.goods.goodsTest.getChannelInfoTest()'><b>getChannelInfoTest</b><br>Test class: bigBoy.app.goods.goodsTest<br>Test method: 查询渠道店铺详情</td>
<td></td>
<td>0</td>
<td>bigBoy.app.goods.goodsTest@7276c8cd</td></tr>
<tr>
<td title='bigBoy.app.goods.goodsTest.getCollectionInfoTest()'><b>getCollectionInfoTest</b><br>Test class: bigBoy.app.goods.goodsTest<br>Test method: 查询聚合页详情<br>Parameters: ips, 1</td>
<td></td>
<td>0</td>
<td>bigBoy.app.goods.goodsTest@7276c8cd</td></tr>
<tr>
<td title='bigBoy.app.goods.goodsTest.getCollectionInfoTest()'><b>getCollectionInfoTest</b><br>Test class: bigBoy.app.goods.goodsTest<br>Test method: 查询聚合页详情<br>Parameters: series, 1</td>
<td></td>
<td>0</td>
<td>bigBoy.app.goods.goodsTest@7276c8cd</td></tr>
<tr>
<td title='bigBoy.app.goods.goodsTest.getCollectionInfoTest()'><b>getCollectionInfoTest</b><br>Test class: bigBoy.app.goods.goodsTest<br>Test method: 查询聚合页详情<br>Parameters: factory, 1</td>
<td></td>
<td>0</td>
<td>bigBoy.app.goods.goodsTest@7276c8cd</td></tr>
<tr>
<td title='bigBoy.app.goods.goodsTest.getCommentsByChannelTest()'><b>getCommentsByChannelTest</b><br>Test class: bigBoy.app.goods.goodsTest<br>Test method: 查询渠道店铺评论列表</td>
<td></td>
<td>0</td>
<td>bigBoy.app.goods.goodsTest@7276c8cd</td></tr>
<tr>
<td title='bigBoy.app.goods.goodsTest.getFlowTest()'><b>getFlowTest</b><br>Test class: bigBoy.app.goods.goodsTest<br>Test method: 获取目录下的商品</td>
<td></td>
<td>2</td>
<td>bigBoy.app.goods.goodsTest@7276c8cd</td></tr>
<tr>
<td title='bigBoy.app.goods.goodsTest.getGoodsByCollectionTest()'><b>getGoodsByCollectionTest</b><br>Test class: bigBoy.app.goods.goodsTest<br>Test method: 查询聚合页商品列表</td>
<td></td>
<td>5</td>
<td>bigBoy.app.goods.goodsTest@7276c8cd</td></tr>
<tr>
<td title='bigBoy.app.goods.goodsTest.getRecommendListTest()'><b>getRecommendListTest</b><br>Test class: bigBoy.app.goods.goodsTest<br>Test method: 获取商品推荐列表<br>Parameters: null</td>
<td></td>
<td>0</td>
<td>bigBoy.app.goods.goodsTest@7276c8cd</td></tr>
<tr>
<td title='bigBoy.app.goods.goodsTest.getRecommendListTest()'><b>getRecommendListTest</b><br>Test class: bigBoy.app.goods.goodsTest<br>Test method: 获取商品推荐列表<br>Parameters: 1</td>
<td></td>
<td>0</td>
<td>bigBoy.app.goods.goodsTest@7276c8cd</td></tr>
<tr>
<td title='bigBoy.app.goods.goodsTest.getRecommendListTest()'><b>getRecommendListTest</b><br>Test class: bigBoy.app.goods.goodsTest<br>Test method: 获取商品推荐列表<br>Parameters: 2</td>
<td></td>
<td>0</td>
<td>bigBoy.app.goods.goodsTest@7276c8cd</td></tr>
<tr>
<td title='bigBoy.app.goods.goodsTest.getRecommendListTest()'><b>getRecommendListTest</b><br>Test class: bigBoy.app.goods.goodsTest<br>Test method: 获取商品推荐列表<br>Parameters: 3</td>
<td></td>
<td>0</td>
<td>bigBoy.app.goods.goodsTest@7276c8cd</td></tr>
<tr>
<td title='bigBoy.app.goods.goodsTest.getRecommendListTest()'><b>getRecommendListTest</b><br>Test class: bigBoy.app.goods.goodsTest<br>Test method: 获取商品推荐列表<br>Parameters: 4</td>
<td></td>
<td>0</td>
<td>bigBoy.app.goods.goodsTest@7276c8cd</td></tr>
<tr>
<td title='bigBoy.app.goods.goodsDetailsTest.getgoodsCommentsTest()'><b>getgoodsCommentsTest</b><br>Test class: bigBoy.app.goods.goodsDetailsTest</td>
<td></td>
<td>0</td>
<td>bigBoy.app.goods.goodsDetailsTest@544a2ea6</td></tr>
<tr>
<td title='bigBoy.backendapi.goods.goodsTest.goodsCommentsOnlineTest()'><b>goodsCommentsOnlineTest</b><br>Test class: bigBoy.backendapi.goods.goodsTest</td>
<td></td>
<td>0</td>
<td>bigBoy.backendapi.goods.goodsTest@43a0cee9</td></tr>
<tr>
<td title='bigBoy.app.goods.goodsTest.hotSearchKeywordsTest()'><b>hotSearchKeywordsTest</b><br>Test class: bigBoy.app.goods.goodsTest<br>Test method: 热搜关键词</td>
<td></td>
<td>0</td>
<td>bigBoy.app.goods.goodsTest@7276c8cd</td></tr>
<tr>
<td title='bigBoy.app.lottery.lotteryTest.listTest()'><b>listTest</b><br>Test class: bigBoy.app.lottery.lotteryTest<br>Test method: 查看H5抽奖页面</td>
<td></td>
<td>0</td>
<td>bigBoy.app.lottery.lotteryTest@150c158</td></tr>
<tr>
<td title='bigBoy.app.lottery.lotteryTest.queryAllTest()'><b>queryAllTest</b><br>Test class: bigBoy.app.lottery.lotteryTest<br>Test method: 查看全部/我的抽奖<br>Parameters: 1</td>
<td></td>
<td>0</td>
<td>bigBoy.app.lottery.lotteryTest@150c158</td></tr>
<tr>
<td title='bigBoy.app.lottery.lotteryTest.queryAllTest()'><b>queryAllTest</b><br>Test class: bigBoy.app.lottery.lotteryTest<br>Test method: 查看全部/我的抽奖<br>Parameters: 2</td>
<td></td>
<td>0</td>
<td>bigBoy.app.lottery.lotteryTest@150c158</td></tr>
<tr>
<td title='bigBoy.app.bbs.tradeShowTest.queryAppTradeShowListTest()'><b>queryAppTradeShowListTest</b><br>Test class: bigBoy.app.bbs.tradeShowTest<br>Test method: 查询展览列表</td>
<td></td>
<td>0</td>
<td>bigBoy.app.bbs.tradeShowTest@64485a47</td></tr>
<tr>
<td title='bigBoy.backendapi.homepage.showTest.queryAssociateList()'><b>queryAssociateList</b><br>Test class: bigBoy.backendapi.homepage.showTest</td>
<td></td>
<td>0</td>
<td>bigBoy.backendapi.homepage.showTest@704d6e83</td></tr>
<tr>
<td title='bigBoy.backendapi.homepage.carouseImgTest.queryCarouseListTest()'><b>queryCarouseListTest</b><br>Test class: bigBoy.backendapi.homepage.carouseImgTest</td>
<td></td>
<td>0</td>
<td>bigBoy.backendapi.homepage.carouseImgTest@401e7803</td></tr>
<tr>
<td title='bigBoy.backendapi.goods.goodsTest.queryGoodsInfoByIdTest()'><b>queryGoodsInfoByIdTest</b><br>Test class: bigBoy.backendapi.goods.goodsTest</td>
<td></td>
<td>0</td>
<td>bigBoy.backendapi.goods.goodsTest@43a0cee9</td></tr>
<tr>
<td title='bigBoy.app.goods.goodsDetailsTest.queryGoodsShopViewById()'><b>queryGoodsShopViewById</b><br>Test class: bigBoy.app.goods.goodsDetailsTest<br>Test method: 查询商品详情</td>
<td></td>
<td>0</td>
<td>bigBoy.app.goods.goodsDetailsTest@544a2ea6</td></tr>
<tr>
<td title='bigBoy.app.homepage.homePageTest.queryHomePageThreadListTest()'><b>queryHomePageThreadListTest</b><br>Test class: bigBoy.app.homepage.homePageTest<br>Test method: 查询首页帖子列表</td>
<td></td>
<td>0</td>
<td>bigBoy.app.homepage.homePageTest@42607a4f</td></tr>
<tr>
<td title='bigBoy.app.homepage.homePageTest.queryHomePageTopTest()'><b>queryHomePageTopTest</b><br>Test class: bigBoy.app.homepage.homePageTest<br>Test method: 查询首页轮播图&热门商品</td>
<td></td>
<td>0</td>
<td>bigBoy.app.homepage.homePageTest@42607a4f</td></tr>
<tr>
<td title='bigBoy.backendapi.homepage.hotGoodsTest.queryHotGoodsListTest()'><b>queryHotGoodsListTest</b><br>Test class: bigBoy.backendapi.homepage.hotGoodsTest</td>
<td></td>
<td>0</td>
<td>bigBoy.backendapi.homepage.hotGoodsTest@10dba097</td></tr>
<tr>
<td title='bigBoy.backendapi.hotSearchKeywordsTest.queryHotSearchKeywordsListTest()'><b>queryHotSearchKeywordsListTest</b><br>Test class: bigBoy.backendapi.hotSearchKeywordsTest</td>
<td></td>
<td>0</td>
<td>bigBoy.backendapi.hotSearchKeywordsTest@2eda0940</td></tr>
<tr>
<td title='bigBoy.app.homepage.appVersionTest.queryLastInfoTest()'><b>queryLastInfoTest</b><br>Test class: bigBoy.app.homepage.appVersionTest<br>Test method: 查询版本最新信息</td>
<td></td>
<td>1</td>
<td>bigBoy.app.homepage.appVersionTest@18bf3d14</td></tr>
<tr>
<td title='bigBoy.app.homepage.lastInfo.queryLastInfoTest()'><b>queryLastInfoTest</b><br>Test class: bigBoy.app.homepage.lastInfo<br>Test method: 查询开机广告图</td>
<td></td>
<td>0</td>
<td>bigBoy.app.homepage.lastInfo@4fb64261</td></tr>
<tr>
<td title='bigBoy.app.homepage.homePageTest.queryNewsTest()'><b>queryNewsTest</b><br>Test class: bigBoy.app.homepage.homePageTest<br>Test method: 查询资讯列表</td>
<td></td>
<td>0</td>
<td>bigBoy.app.homepage.homePageTest@42607a4f</td></tr>
<tr>
<td title='bigBoy.app.bbs.bbsTest.queryReplyListTest()'><b>queryReplyListTest</b><br>Test class: bigBoy.app.bbs.bbsTest<br>Test method: 查看某个帖子的回帖</td>
<td></td>
<td>0</td>
<td>bigBoy.app.bbs.bbsTest@1990a65e</td></tr>
<tr>
<td title='bigBoy.app.bbs.bbsTest.queryThreadInfoTest()'><b>queryThreadInfoTest</b><br>Test class: bigBoy.app.bbs.bbsTest<br>Test method: 查看某个帖子详情</td>
<td></td>
<td>0</td>
<td>bigBoy.app.bbs.bbsTest@1990a65e</td></tr>
<tr>
<td title='bigBoy.backendapi.homepage.carouseImgTest.queryTopInfoTest()'><b>queryTopInfoTest</b><br>Test class: bigBoy.backendapi.homepage.carouseImgTest</td>
<td></td>
<td>0</td>
<td>bigBoy.backendapi.homepage.carouseImgTest@401e7803</td></tr>
<tr>
<td title='bigBoy.app.user.userCenter.queryUserCenterListTest()'><b>queryUserCenterListTest</b><br>Test class: bigBoy.app.user.userCenter</td>
<td></td>
<td>0</td>
<td>bigBoy.app.user.userCenter@6ec8211c</td></tr>
<tr>
<td title='bigBoy.backendapi.goods.goodsTest.searchByCategoryTest()'><b>searchByCategoryTest</b><br>Test class: bigBoy.backendapi.goods.goodsTest</td>
<td></td>
<td>0</td>
<td>bigBoy.backendapi.goods.goodsTest@43a0cee9</td></tr>
<tr>
<td title='bigBoy.app.goods.goodsTest.searchByKeywordsTest()'><b>searchByKeywordsTest</b><br>Test class: bigBoy.app.goods.goodsTest<br>Test method: 根据关键词搜索商品</td>
<td></td>
<td>13</td>
<td>bigBoy.app.goods.goodsTest@7276c8cd</td></tr>
<tr>
<td title='bigBoy.backendapi.goods.collectionsTest.searchCollection()'><b>searchCollection</b><br>Test class: bigBoy.backendapi.goods.collectionsTest<br>Parameters: 高达</td>
<td></td>
<td>0</td>
<td>bigBoy.backendapi.goods.collectionsTest@eb21112</td></tr>
<tr>
<td title='bigBoy.backendapi.goods.collectionsTest.searchCollection()'><b>searchCollection</b><br>Test class: bigBoy.backendapi.goods.collectionsTest<br>Parameters: 乐高</td>
<td></td>
<td>0</td>
<td>bigBoy.backendapi.goods.collectionsTest@eb21112</td></tr>
<tr>
<td title='bigBoy.backendapi.goods.collectionsTest.searchCollection()'><b>searchCollection</b><br>Test class: bigBoy.backendapi.goods.collectionsTest<br>Parameters: 手办</td>
<td></td>
<td>0</td>
<td>bigBoy.backendapi.goods.collectionsTest@eb21112</td></tr>
<tr>
<td title='bigBoy.backendapi.goods.collectionsTest.searchCollection()'><b>searchCollection</b><br>Test class: bigBoy.backendapi.goods.collectionsTest<br>Parameters: 模型</td>
<td></td>
<td>0</td>
<td>bigBoy.backendapi.goods.collectionsTest@eb21112</td></tr>
<tr>
<td title='bigBoy.backendapi.goods.goodsTest.searchGoodsByFactoryIdTest()'><b>searchGoodsByFactoryIdTest</b><br>Test class: bigBoy.backendapi.goods.goodsTest</td>
<td></td>
<td>0</td>
<td>bigBoy.backendapi.goods.goodsTest@43a0cee9</td></tr>
<tr>
<td title='bigBoy.backendapi.goods.goodsTest.searchGoodsTest()'><b>searchGoodsTest</b><br>Test class: bigBoy.backendapi.goods.goodsTest</td>
<td></td>
<td>0</td>
<td>bigBoy.backendapi.goods.goodsTest@43a0cee9</td></tr>
<tr>
<td title='bigBoy.app.user.loginTest.sendSecurityCodeTest()'><b>sendSecurityCodeTest</b><br>Test class: bigBoy.app.user.loginTest<br>Test method: 发送短信验证码</td>
<td></td>
<td>0</td>
<td>bigBoy.app.user.loginTest@782663d3</td></tr>
<tr>
<td title='bigBoy.backendapi.homepage.showTest.showQueryInfoTest()'><b>showQueryInfoTest</b><br>Test class: bigBoy.backendapi.homepage.showTest</td>
<td></td>
<td>0</td>
<td>bigBoy.backendapi.homepage.showTest@704d6e83</td></tr>
<tr>
<td title='bigBoy.app.goods.timelineTest.timelineTest()'><b>timelineTest</b><br>Test class: bigBoy.app.goods.timelineTest<br>Test method: 查询指定月份的发售时间线</td>
<td></td>
<td>0</td>
<td>bigBoy.app.goods.timelineTest@2e3fc542</td></tr>
<tr>
<td title='bigBoy.backendapi.homepage.carouseImgTest.updateCarouseTest()'><b>updateCarouseTest</b><br>Test class: bigBoy.backendapi.homepage.carouseImgTest</td>
<td></td>
<td>0</td>
<td>bigBoy.backendapi.homepage.carouseImgTest@401e7803</td></tr>
<tr>
<td title='bigBoy.backendapi.goods.goodsTest.updateGoodsInfo()'><b>updateGoodsInfo</b><br>Test class: bigBoy.backendapi.goods.goodsTest</td>
<td></td>
<td>0</td>
<td>bigBoy.backendapi.goods.goodsTest@43a0cee9</td></tr>
<tr>
<td title='bigBoy.backendapi.goods.goodsTest.updateGoodsPics()'><b>updateGoodsPics</b><br>Test class: bigBoy.backendapi.goods.goodsTest</td>
<td></td>
<td>0</td>
<td>bigBoy.backendapi.goods.goodsTest@43a0cee9</td></tr>
<tr>
<td title='bigBoy.backendapi.goods.goodsTest.updateGoodsStatus()'><b>updateGoodsStatus</b><br>Test class: bigBoy.backendapi.goods.goodsTest</td>
<td></td>
<td>0</td>
<td>bigBoy.backendapi.goods.goodsTest@43a0cee9</td></tr>
<tr>
<td title='bigBoy.backendapi.homepage.hotGoodsTest.updateHotGoodsTest()'><b>updateHotGoodsTest</b><br>Test class: bigBoy.backendapi.homepage.hotGoodsTest<br>Parameters: 1</td>
<td></td>
<td>0</td>
<td>bigBoy.backendapi.homepage.hotGoodsTest@10dba097</td></tr>
<tr>
<td title='bigBoy.backendapi.homepage.hotGoodsTest.updateHotGoodsTest()'><b>updateHotGoodsTest</b><br>Test class: bigBoy.backendapi.homepage.hotGoodsTest<br>Parameters: 0</td>
<td></td>
<td>0</td>
<td>bigBoy.backendapi.homepage.hotGoodsTest@10dba097</td></tr>
<tr>
<td title='bigBoy.backendapi.homepage.hotGoodsTest.updateHotGoodsTest()'><b>updateHotGoodsTest</b><br>Test class: bigBoy.backendapi.homepage.hotGoodsTest<br>Parameters: 1</td>
<td></td>
<td>0</td>
<td>bigBoy.backendapi.homepage.hotGoodsTest@10dba097</td></tr>
<tr>
<td title='bigBoy.backendapi.hotSearchKeywordsTest.updateHotSearchKeywordsTest()'><b>updateHotSearchKeywordsTest</b><br>Test class: bigBoy.backendapi.hotSearchKeywordsTest</td>
<td></td>
<td>0</td>
<td>bigBoy.backendapi.hotSearchKeywordsTest@2eda0940</td></tr>
<tr>
<td title='bigBoy.backendapi.goods.goodsTest.updateSeriesTest()'><b>updateSeriesTest</b><br>Test class: bigBoy.backendapi.goods.goodsTest</td>
<td></td>
<td>0</td>
<td>bigBoy.backendapi.goods.goodsTest@43a0cee9</td></tr>
<tr>
<td title='bigBoy.backendapi.homepage.showTest.updateShowTest()'><b>updateShowTest</b><br>Test class: bigBoy.backendapi.homepage.showTest</td>
<td></td>
<td>0</td>
<td>bigBoy.backendapi.homepage.showTest@704d6e83</td></tr>
<tr>
<td title='bigBoy.backendapi.homepage.showTest.updatedisplayWindowTest()'><b>updatedisplayWindowTest</b><br>Test class: bigBoy.backendapi.homepage.showTest</td>
<td></td>
<td>0</td>
<td>bigBoy.backendapi.homepage.showTest@704d6e83</td></tr>
</table><p>
</body>
</html>